

Microchip MPLAB XC8 Assembler V2.20 build 20200408173844 
                                                                                               Wed Jun 03 08:19:24 2020

Microchip MPLAB XC8 C Compiler v2.20 (Free license) build 20200408173844 Og1 
     1                           	processor	16F15244
     2                           	pagewidth 120
     3                           	opt	flic
     4                           	psect	nvCOMMON,global,class=COMMON,space=1,delta=1,noexec
     5                           	psect	cinit,global,class=CODE,merge=1,delta=2
     6                           	psect	cstackCOMMON,global,class=COMMON,space=1,delta=1,noexec
     7                           	psect	maintext,global,class=CODE,merge=1,split=1,delta=2
     8                           	psect	text1,local,class=CODE,merge=1,delta=2
     9                           	psect	text2,local,class=CODE,merge=1,delta=2
    10                           	psect	text3,local,class=CODE,merge=1,delta=2
    11                           	psect	text4,local,class=CODE,merge=1,delta=2
    12                           	psect	text5,local,class=CODE,merge=1,delta=2
    13                           	psect	intentry,global,class=CODE,delta=2
    14                           	psect	text7,local,class=CODE,merge=1,delta=2
    15                           	psect	text8,local,class=CODE,merge=1,delta=2
    16                           	psect	text9,local,class=CODE,merge=1,delta=2
    17                           	psect	config,global,abs,ovrld,class=CONFIG,space=4,delta=2,noexec
    18                           	dabs	1,0x7E,2
    19  0000                     
    20                           ; Version 2.20
    21                           ; Generated 30/04/2020 GMT
    22                           ; 
    23                           ; Copyright © 2020, Microchip Technology Inc. and its subsidiaries ("Microchip")
    24                           ; All rights reserved.
    25                           ; 
    26                           ; This software is developed by Microchip Technology Inc. and its subsidiaries ("Microch
      +                          ip").
    27                           ; 
    28                           ; Redistribution and use in source and binary forms, with or without modification, are
    29                           ; permitted provided that the following conditions are met:
    30                           ; 
    31                           ;     1. Redistributions of source code must retain the above copyright notice, this lis
      +                          t of
    32                           ;        conditions and the following disclaimer.
    33                           ; 
    34                           ;     2. Redistributions in binary form must reproduce the above copyright notice, this 
      +                          list
    35                           ;        of conditions and the following disclaimer in the documentation and/or other
    36                           ;        materials provided with the distribution.
    37                           ; 
    38                           ;     3. Microchip's name may not be used to endorse or promote products derived from th
      +                          is
    39                           ;        software without specific prior written permission.
    40                           ; 
    41                           ; THIS SOFTWARE IS PROVIDED BY MICROCHIP "AS IS" AND ANY EXPRESS OR IMPLIED WARRANTIES,
    42                           ; INCLUDING, BUT NOT LIMITED TO, THE IMPLIED WARRANTIES OF MERCHANTABILITY AND FITNESS F
      +                          OR
    43                           ; PURPOSE ARE DISCLAIMED.  IN NO EVENT SHALL MICROCHIP BE LIABLE FOR ANY DIRECT, INDIREC
      +                          T,
    44                           ; INCIDENTAL, SPECIAL, EXEMPLARY, OR CONSEQUENTIAL DAMAGES (INCLUDING BUT NOT LIMITED TO
    45                           ; PROCUREMENT OF SUBSTITUTE GOODS OR SERVICES; LOSS OF USE, DATA OR PROFITS; OR BUSINESS
    46                           ; INTERRUPTION) HOWSOEVER CAUSED AND ON ANY THEORY OF LIABILITY, WHETHER IN CONTRACT, ST
      +                          RICT
    47                           ; LIABILITY, OR TORT (INCLUDING NEGLIGENCE OR OTHERWISE) ARISING IN ANY WAY OUT OF THE U
      +                          SE OF
    48                           ; THIS SOFTWARE, EVEN IF ADVISED OF THE POSSIBILITY OF SUCH DAMAGE.
    49                           ; 
    50                           ; 
    51                           ; Code-generator required, PIC16F15244 Definitions
    52                           ; 
    53                           ; SFR Addresses
    54  0000                     	;# 
    55  0001                     	;# 
    56  0002                     	;# 
    57  0003                     	;# 
    58  0004                     	;# 
    59  0005                     	;# 
    60  0006                     	;# 
    61  0007                     	;# 
    62  0008                     	;# 
    63  0009                     	;# 
    64  000A                     	;# 
    65  000B                     	;# 
    66  000C                     	;# 
    67  000D                     	;# 
    68  000E                     	;# 
    69  0012                     	;# 
    70  0013                     	;# 
    71  0014                     	;# 
    72  0018                     	;# 
    73  0019                     	;# 
    74  001A                     	;# 
    75  009A                     	;# 
    76  009B                     	;# 
    77  009B                     	;# 
    78  009C                     	;# 
    79  009D                     	;# 
    80  009E                     	;# 
    81  009F                     	;# 
    82  010C                     	;# 
    83  010D                     	;# 
    84  0119                     	;# 
    85  011A                     	;# 
    86  011B                     	;# 
    87  011B                     	;# 
    88  011C                     	;# 
    89  011D                     	;# 
    90  011E                     	;# 
    91  011F                     	;# 
    92  018C                     	;# 
    93  018D                     	;# 
    94  018E                     	;# 
    95  018F                     	;# 
    96  0190                     	;# 
    97  0191                     	;# 
    98  0192                     	;# 
    99  020C                     	;# 
   100  020D                     	;# 
   101  020E                     	;# 
   102  020E                     	;# 
   103  020F                     	;# 
   104  020F                     	;# 
   105  0210                     	;# 
   106  0210                     	;# 
   107  0211                     	;# 
   108  0211                     	;# 
   109  028C                     	;# 
   110  028C                     	;# 
   111  028D                     	;# 
   112  028D                     	;# 
   113  028E                     	;# 
   114  028F                     	;# 
   115  0290                     	;# 
   116  0291                     	;# 
   117  030C                     	;# 
   118  030C                     	;# 
   119  030D                     	;# 
   120  030E                     	;# 
   121  030F                     	;# 
   122  0310                     	;# 
   123  0310                     	;# 
   124  0311                     	;# 
   125  0312                     	;# 
   126  0313                     	;# 
   127  0314                     	;# 
   128  0314                     	;# 
   129  0315                     	;# 
   130  0316                     	;# 
   131  0318                     	;# 
   132  0318                     	;# 
   133  0319                     	;# 
   134  031A                     	;# 
   135  059C                     	;# 
   136  059C                     	;# 
   137  059D                     	;# 
   138  059D                     	;# 
   139  059E                     	;# 
   140  059F                     	;# 
   141  070C                     	;# 
   142  070D                     	;# 
   143  070E                     	;# 
   144  0716                     	;# 
   145  0717                     	;# 
   146  0718                     	;# 
   147  080C                     	;# 
   148  0811                     	;# 
   149  0813                     	;# 
   150  0814                     	;# 
   151  081A                     	;# 
   152  081A                     	;# 
   153  081B                     	;# 
   154  081C                     	;# 
   155  081C                     	;# 
   156  081D                     	;# 
   157  081E                     	;# 
   158  081F                     	;# 
   159  088E                     	;# 
   160  0890                     	;# 
   161  0891                     	;# 
   162  0892                     	;# 
   163  0893                     	;# 
   164  090C                     	;# 
   165  1E8F                     	;# 
   166  1E90                     	;# 
   167  1E91                     	;# 
   168  1E92                     	;# 
   169  1E93                     	;# 
   170  1E9C                     	;# 
   171  1EA1                     	;# 
   172  1EA2                     	;# 
   173  1EC3                     	;# 
   174  1EC5                     	;# 
   175  1EC6                     	;# 
   176  1EC7                     	;# 
   177  1ECB                     	;# 
   178  1ECB                     	;# 
   179  1ECB                     	;# 
   180  1ECC                     	;# 
   181  1ECC                     	;# 
   182  1ECC                     	;# 
   183  1F10                     	;# 
   184  1F11                     	;# 
   185  1F12                     	;# 
   186  1F14                     	;# 
   187  1F15                     	;# 
   188  1F1C                     	;# 
   189  1F1D                     	;# 
   190  1F1E                     	;# 
   191  1F1F                     	;# 
   192  1F20                     	;# 
   193  1F21                     	;# 
   194  1F22                     	;# 
   195  1F23                     	;# 
   196  1F24                     	;# 
   197  1F25                     	;# 
   198  1F26                     	;# 
   199  1F27                     	;# 
   200  1F38                     	;# 
   201  1F39                     	;# 
   202  1F3A                     	;# 
   203  1F3B                     	;# 
   204  1F3C                     	;# 
   205  1F3D                     	;# 
   206  1F3E                     	;# 
   207  1F3F                     	;# 
   208  1F43                     	;# 
   209  1F44                     	;# 
   210  1F45                     	;# 
   211  1F46                     	;# 
   212  1F47                     	;# 
   213  1F48                     	;# 
   214  1F49                     	;# 
   215  1F4A                     	;# 
   216  1F4E                     	;# 
   217  1F4F                     	;# 
   218  1F50                     	;# 
   219  1F51                     	;# 
   220  1F52                     	;# 
   221  1F53                     	;# 
   222  1F54                     	;# 
   223  1F55                     	;# 
   224  1FE4                     	;# 
   225  1FE5                     	;# 
   226  1FE6                     	;# 
   227  1FE7                     	;# 
   228  1FE8                     	;# 
   229  1FE8                     	;# 
   230  1FE9                     	;# 
   231  1FEA                     	;# 
   232  1FEB                     	;# 
   233  1FED                     	;# 
   234  1FEE                     	;# 
   235  1FEF                     	;# 
   236  0000                     	;# 
   237  0001                     	;# 
   238  0002                     	;# 
   239  0003                     	;# 
   240  0004                     	;# 
   241  0005                     	;# 
   242  0006                     	;# 
   243  0007                     	;# 
   244  0008                     	;# 
   245  0009                     	;# 
   246  000A                     	;# 
   247  000B                     	;# 
   248  000C                     	;# 
   249  000D                     	;# 
   250  000E                     	;# 
   251  0012                     	;# 
   252  0013                     	;# 
   253  0014                     	;# 
   254  0018                     	;# 
   255  0019                     	;# 
   256  001A                     	;# 
   257  009A                     	;# 
   258  009B                     	;# 
   259  009B                     	;# 
   260  009C                     	;# 
   261  009D                     	;# 
   262  009E                     	;# 
   263  009F                     	;# 
   264  010C                     	;# 
   265  010D                     	;# 
   266  0119                     	;# 
   267  011A                     	;# 
   268  011B                     	;# 
   269  011B                     	;# 
   270  011C                     	;# 
   271  011D                     	;# 
   272  011E                     	;# 
   273  011F                     	;# 
   274  018C                     	;# 
   275  018D                     	;# 
   276  018E                     	;# 
   277  018F                     	;# 
   278  0190                     	;# 
   279  0191                     	;# 
   280  0192                     	;# 
   281  020C                     	;# 
   282  020D                     	;# 
   283  020E                     	;# 
   284  020E                     	;# 
   285  020F                     	;# 
   286  020F                     	;# 
   287  0210                     	;# 
   288  0210                     	;# 
   289  0211                     	;# 
   290  0211                     	;# 
   291  028C                     	;# 
   292  028C                     	;# 
   293  028D                     	;# 
   294  028D                     	;# 
   295  028E                     	;# 
   296  028F                     	;# 
   297  0290                     	;# 
   298  0291                     	;# 
   299  030C                     	;# 
   300  030C                     	;# 
   301  030D                     	;# 
   302  030E                     	;# 
   303  030F                     	;# 
   304  0310                     	;# 
   305  0310                     	;# 
   306  0311                     	;# 
   307  0312                     	;# 
   308  0313                     	;# 
   309  0314                     	;# 
   310  0314                     	;# 
   311  0315                     	;# 
   312  0316                     	;# 
   313  0318                     	;# 
   314  0318                     	;# 
   315  0319                     	;# 
   316  031A                     	;# 
   317  059C                     	;# 
   318  059C                     	;# 
   319  059D                     	;# 
   320  059D                     	;# 
   321  059E                     	;# 
   322  059F                     	;# 
   323  070C                     	;# 
   324  070D                     	;# 
   325  070E                     	;# 
   326  0716                     	;# 
   327  0717                     	;# 
   328  0718                     	;# 
   329  080C                     	;# 
   330  0811                     	;# 
   331  0813                     	;# 
   332  0814                     	;# 
   333  081A                     	;# 
   334  081A                     	;# 
   335  081B                     	;# 
   336  081C                     	;# 
   337  081C                     	;# 
   338  081D                     	;# 
   339  081E                     	;# 
   340  081F                     	;# 
   341  088E                     	;# 
   342  0890                     	;# 
   343  0891                     	;# 
   344  0892                     	;# 
   345  0893                     	;# 
   346  090C                     	;# 
   347  1E8F                     	;# 
   348  1E90                     	;# 
   349  1E91                     	;# 
   350  1E92                     	;# 
   351  1E93                     	;# 
   352  1E9C                     	;# 
   353  1EA1                     	;# 
   354  1EA2                     	;# 
   355  1EC3                     	;# 
   356  1EC5                     	;# 
   357  1EC6                     	;# 
   358  1EC7                     	;# 
   359  1ECB                     	;# 
   360  1ECB                     	;# 
   361  1ECB                     	;# 
   362  1ECC                     	;# 
   363  1ECC                     	;# 
   364  1ECC                     	;# 
   365  1F10                     	;# 
   366  1F11                     	;# 
   367  1F12                     	;# 
   368  1F14                     	;# 
   369  1F15                     	;# 
   370  1F1C                     	;# 
   371  1F1D                     	;# 
   372  1F1E                     	;# 
   373  1F1F                     	;# 
   374  1F20                     	;# 
   375  1F21                     	;# 
   376  1F22                     	;# 
   377  1F23                     	;# 
   378  1F24                     	;# 
   379  1F25                     	;# 
   380  1F26                     	;# 
   381  1F27                     	;# 
   382  1F38                     	;# 
   383  1F39                     	;# 
   384  1F3A                     	;# 
   385  1F3B                     	;# 
   386  1F3C                     	;# 
   387  1F3D                     	;# 
   388  1F3E                     	;# 
   389  1F3F                     	;# 
   390  1F43                     	;# 
   391  1F44                     	;# 
   392  1F45                     	;# 
   393  1F46                     	;# 
   394  1F47                     	;# 
   395  1F48                     	;# 
   396  1F49                     	;# 
   397  1F4A                     	;# 
   398  1F4E                     	;# 
   399  1F4F                     	;# 
   400  1F50                     	;# 
   401  1F51                     	;# 
   402  1F52                     	;# 
   403  1F53                     	;# 
   404  1F54                     	;# 
   405  1F55                     	;# 
   406  1FE4                     	;# 
   407  1FE5                     	;# 
   408  1FE6                     	;# 
   409  1FE7                     	;# 
   410  1FE8                     	;# 
   411  1FE8                     	;# 
   412  1FE9                     	;# 
   413  1FEA                     	;# 
   414  1FEB                     	;# 
   415  1FED                     	;# 
   416  1FEE                     	;# 
   417  1FEF                     	;# 
   418  0000                     	;# 
   419  0001                     	;# 
   420  0002                     	;# 
   421  0003                     	;# 
   422  0004                     	;# 
   423  0005                     	;# 
   424  0006                     	;# 
   425  0007                     	;# 
   426  0008                     	;# 
   427  0009                     	;# 
   428  000A                     	;# 
   429  000B                     	;# 
   430  000C                     	;# 
   431  000D                     	;# 
   432  000E                     	;# 
   433  0012                     	;# 
   434  0013                     	;# 
   435  0014                     	;# 
   436  0018                     	;# 
   437  0019                     	;# 
   438  001A                     	;# 
   439  009A                     	;# 
   440  009B                     	;# 
   441  009B                     	;# 
   442  009C                     	;# 
   443  009D                     	;# 
   444  009E                     	;# 
   445  009F                     	;# 
   446  010C                     	;# 
   447  010D                     	;# 
   448  0119                     	;# 
   449  011A                     	;# 
   450  011B                     	;# 
   451  011B                     	;# 
   452  011C                     	;# 
   453  011D                     	;# 
   454  011E                     	;# 
   455  011F                     	;# 
   456  018C                     	;# 
   457  018D                     	;# 
   458  018E                     	;# 
   459  018F                     	;# 
   460  0190                     	;# 
   461  0191                     	;# 
   462  0192                     	;# 
   463  020C                     	;# 
   464  020D                     	;# 
   465  020E                     	;# 
   466  020E                     	;# 
   467  020F                     	;# 
   468  020F                     	;# 
   469  0210                     	;# 
   470  0210                     	;# 
   471  0211                     	;# 
   472  0211                     	;# 
   473  028C                     	;# 
   474  028C                     	;# 
   475  028D                     	;# 
   476  028D                     	;# 
   477  028E                     	;# 
   478  028F                     	;# 
   479  0290                     	;# 
   480  0291                     	;# 
   481  030C                     	;# 
   482  030C                     	;# 
   483  030D                     	;# 
   484  030E                     	;# 
   485  030F                     	;# 
   486  0310                     	;# 
   487  0310                     	;# 
   488  0311                     	;# 
   489  0312                     	;# 
   490  0313                     	;# 
   491  0314                     	;# 
   492  0314                     	;# 
   493  0315                     	;# 
   494  0316                     	;# 
   495  0318                     	;# 
   496  0318                     	;# 
   497  0319                     	;# 
   498  031A                     	;# 
   499  059C                     	;# 
   500  059C                     	;# 
   501  059D                     	;# 
   502  059D                     	;# 
   503  059E                     	;# 
   504  059F                     	;# 
   505  070C                     	;# 
   506  070D                     	;# 
   507  070E                     	;# 
   508  0716                     	;# 
   509  0717                     	;# 
   510  0718                     	;# 
   511  080C                     	;# 
   512  0811                     	;# 
   513  0813                     	;# 
   514  0814                     	;# 
   515  081A                     	;# 
   516  081A                     	;# 
   517  081B                     	;# 
   518  081C                     	;# 
   519  081C                     	;# 
   520  081D                     	;# 
   521  081E                     	;# 
   522  081F                     	;# 
   523  088E                     	;# 
   524  0890                     	;# 
   525  0891                     	;# 
   526  0892                     	;# 
   527  0893                     	;# 
   528  090C                     	;# 
   529  1E8F                     	;# 
   530  1E90                     	;# 
   531  1E91                     	;# 
   532  1E92                     	;# 
   533  1E93                     	;# 
   534  1E9C                     	;# 
   535  1EA1                     	;# 
   536  1EA2                     	;# 
   537  1EC3                     	;# 
   538  1EC5                     	;# 
   539  1EC6                     	;# 
   540  1EC7                     	;# 
   541  1ECB                     	;# 
   542  1ECB                     	;# 
   543  1ECB                     	;# 
   544  1ECC                     	;# 
   545  1ECC                     	;# 
   546  1ECC                     	;# 
   547  1F10                     	;# 
   548  1F11                     	;# 
   549  1F12                     	;# 
   550  1F14                     	;# 
   551  1F15                     	;# 
   552  1F1C                     	;# 
   553  1F1D                     	;# 
   554  1F1E                     	;# 
   555  1F1F                     	;# 
   556  1F20                     	;# 
   557  1F21                     	;# 
   558  1F22                     	;# 
   559  1F23                     	;# 
   560  1F24                     	;# 
   561  1F25                     	;# 
   562  1F26                     	;# 
   563  1F27                     	;# 
   564  1F38                     	;# 
   565  1F39                     	;# 
   566  1F3A                     	;# 
   567  1F3B                     	;# 
   568  1F3C                     	;# 
   569  1F3D                     	;# 
   570  1F3E                     	;# 
   571  1F3F                     	;# 
   572  1F43                     	;# 
   573  1F44                     	;# 
   574  1F45                     	;# 
   575  1F46                     	;# 
   576  1F47                     	;# 
   577  1F48                     	;# 
   578  1F49                     	;# 
   579  1F4A                     	;# 
   580  1F4E                     	;# 
   581  1F4F                     	;# 
   582  1F50                     	;# 
   583  1F51                     	;# 
   584  1F52                     	;# 
   585  1F53                     	;# 
   586  1F54                     	;# 
   587  1F55                     	;# 
   588  1FE4                     	;# 
   589  1FE5                     	;# 
   590  1FE6                     	;# 
   591  1FE7                     	;# 
   592  1FE8                     	;# 
   593  1FE8                     	;# 
   594  1FE9                     	;# 
   595  1FEA                     	;# 
   596  1FEB                     	;# 
   597  1FED                     	;# 
   598  1FEE                     	;# 
   599  1FEF                     	;# 
   600  0000                     	;# 
   601  0001                     	;# 
   602  0002                     	;# 
   603  0003                     	;# 
   604  0004                     	;# 
   605  0005                     	;# 
   606  0006                     	;# 
   607  0007                     	;# 
   608  0008                     	;# 
   609  0009                     	;# 
   610  000A                     	;# 
   611  000B                     	;# 
   612  000C                     	;# 
   613  000D                     	;# 
   614  000E                     	;# 
   615  0012                     	;# 
   616  0013                     	;# 
   617  0014                     	;# 
   618  0018                     	;# 
   619  0019                     	;# 
   620  001A                     	;# 
   621  009A                     	;# 
   622  009B                     	;# 
   623  009B                     	;# 
   624  009C                     	;# 
   625  009D                     	;# 
   626  009E                     	;# 
   627  009F                     	;# 
   628  010C                     	;# 
   629  010D                     	;# 
   630  0119                     	;# 
   631  011A                     	;# 
   632  011B                     	;# 
   633  011B                     	;# 
   634  011C                     	;# 
   635  011D                     	;# 
   636  011E                     	;# 
   637  011F                     	;# 
   638  018C                     	;# 
   639  018D                     	;# 
   640  018E                     	;# 
   641  018F                     	;# 
   642  0190                     	;# 
   643  0191                     	;# 
   644  0192                     	;# 
   645  020C                     	;# 
   646  020D                     	;# 
   647  020E                     	;# 
   648  020E                     	;# 
   649  020F                     	;# 
   650  020F                     	;# 
   651  0210                     	;# 
   652  0210                     	;# 
   653  0211                     	;# 
   654  0211                     	;# 
   655  028C                     	;# 
   656  028C                     	;# 
   657  028D                     	;# 
   658  028D                     	;# 
   659  028E                     	;# 
   660  028F                     	;# 
   661  0290                     	;# 
   662  0291                     	;# 
   663  030C                     	;# 
   664  030C                     	;# 
   665  030D                     	;# 
   666  030E                     	;# 
   667  030F                     	;# 
   668  0310                     	;# 
   669  0310                     	;# 
   670  0311                     	;# 
   671  0312                     	;# 
   672  0313                     	;# 
   673  0314                     	;# 
   674  0314                     	;# 
   675  0315                     	;# 
   676  0316                     	;# 
   677  0318                     	;# 
   678  0318                     	;# 
   679  0319                     	;# 
   680  031A                     	;# 
   681  059C                     	;# 
   682  059C                     	;# 
   683  059D                     	;# 
   684  059D                     	;# 
   685  059E                     	;# 
   686  059F                     	;# 
   687  070C                     	;# 
   688  070D                     	;# 
   689  070E                     	;# 
   690  0716                     	;# 
   691  0717                     	;# 
   692  0718                     	;# 
   693  080C                     	;# 
   694  0811                     	;# 
   695  0813                     	;# 
   696  0814                     	;# 
   697  081A                     	;# 
   698  081A                     	;# 
   699  081B                     	;# 
   700  081C                     	;# 
   701  081C                     	;# 
   702  081D                     	;# 
   703  081E                     	;# 
   704  081F                     	;# 
   705  088E                     	;# 
   706  0890                     	;# 
   707  0891                     	;# 
   708  0892                     	;# 
   709  0893                     	;# 
   710  090C                     	;# 
   711  1E8F                     	;# 
   712  1E90                     	;# 
   713  1E91                     	;# 
   714  1E92                     	;# 
   715  1E93                     	;# 
   716  1E9C                     	;# 
   717  1EA1                     	;# 
   718  1EA2                     	;# 
   719  1EC3                     	;# 
   720  1EC5                     	;# 
   721  1EC6                     	;# 
   722  1EC7                     	;# 
   723  1ECB                     	;# 
   724  1ECB                     	;# 
   725  1ECB                     	;# 
   726  1ECC                     	;# 
   727  1ECC                     	;# 
   728  1ECC                     	;# 
   729  1F10                     	;# 
   730  1F11                     	;# 
   731  1F12                     	;# 
   732  1F14                     	;# 
   733  1F15                     	;# 
   734  1F1C                     	;# 
   735  1F1D                     	;# 
   736  1F1E                     	;# 
   737  1F1F                     	;# 
   738  1F20                     	;# 
   739  1F21                     	;# 
   740  1F22                     	;# 
   741  1F23                     	;# 
   742  1F24                     	;# 
   743  1F25                     	;# 
   744  1F26                     	;# 
   745  1F27                     	;# 
   746  1F38                     	;# 
   747  1F39                     	;# 
   748  1F3A                     	;# 
   749  1F3B                     	;# 
   750  1F3C                     	;# 
   751  1F3D                     	;# 
   752  1F3E                     	;# 
   753  1F3F                     	;# 
   754  1F43                     	;# 
   755  1F44                     	;# 
   756  1F45                     	;# 
   757  1F46                     	;# 
   758  1F47                     	;# 
   759  1F48                     	;# 
   760  1F49                     	;# 
   761  1F4A                     	;# 
   762  1F4E                     	;# 
   763  1F4F                     	;# 
   764  1F50                     	;# 
   765  1F51                     	;# 
   766  1F52                     	;# 
   767  1F53                     	;# 
   768  1F54                     	;# 
   769  1F55                     	;# 
   770  1FE4                     	;# 
   771  1FE5                     	;# 
   772  1FE6                     	;# 
   773  1FE7                     	;# 
   774  1FE8                     	;# 
   775  1FE8                     	;# 
   776  1FE9                     	;# 
   777  1FEA                     	;# 
   778  1FEB                     	;# 
   779  1FED                     	;# 
   780  1FEE                     	;# 
   781  1FEF                     	;# 
   782                           
   783                           	psect	nvCOMMON
   784  0070                     __pnvCOMMON:
   785  0070                     _IOCCF2_InterruptHandler:
   786  0070                     	ds	2
   787  0018                     _LATAbits	set	24
   788  0014                     _TRISC	set	20
   789  0013                     _TRISB	set	19
   790  0012                     _TRISA	set	18
   791  001A                     _LATC	set	26
   792  0019                     _LATB	set	25
   793  0018                     _LATA	set	24
   794  000B                     _INTCONbits	set	11
   795  070C                     _PIR0bits	set	1804
   796  0716                     _PIE0bits	set	1814
   797  080C                     _WDTCON	set	2060
   798  0892                     _OSCTUNE	set	2194
   799  0893                     _OSCFRQ	set	2195
   800  0891                     _OSCEN	set	2193
   801  1F53                     _IOCCPbits	set	8019
   802  1F54                     _IOCCNbits	set	8020
   803  1F55                     _IOCCFbits	set	8021
   804  1F52                     _INLVLC	set	8018
   805  1F47                     _INLVLB	set	8007
   806  1F3C                     _INLVLA	set	7996
   807  1F51                     _SLRCONC	set	8017
   808  1F46                     _SLRCONB	set	8006
   809  1F3B                     _SLRCONA	set	7995
   810  1F50                     _ODCONC	set	8016
   811  1F45                     _ODCONB	set	8005
   812  1F3A                     _ODCONA	set	7994
   813  1F4F                     _WPUC	set	8015
   814  1F39                     _WPUA	set	7993
   815  1F44                     _WPUB	set	8004
   816  1F38                     _ANSELA	set	7992
   817  1F43                     _ANSELB	set	8003
   818  1F4E                     _ANSELC	set	8014
   819                           
   820                           	psect	cinit
   821  0016                     start_initialization:	
   822                           ; #config settings
   823                           
   824  0016                     __initialization:
   825  0016                     end_of_initialization:	
   826                           ;End of C runtime variable initialization code
   827                           
   828  0016                     __end_of__initialization:
   829  0016  107E               	bcf	int$flags,0	;clear compiler interrupt flag (level 1)
   830  0017  0140               	movlb	0
   831  0018  3180  2879         	ljmp	_main	;jump to C main() function
   832                           
   833                           	psect	cstackCOMMON
   834  0072                     __pcstackCOMMON:
   835  0072                     ?_SYSTEM_Initialize:
   836  0072                     ?_PIN_MANAGER_IOC:	
   837                           ; 1 bytes @ 0x0
   838                           
   839  0072                     ??_PIN_MANAGER_IOC:	
   840                           ; 1 bytes @ 0x0
   841                           
   842  0072                     ?_PIN_MANAGER_Initialize:	
   843                           ; 1 bytes @ 0x0
   844                           
   845  0072                     ?_OSCILLATOR_Initialize:	
   846                           ; 1 bytes @ 0x0
   847                           
   848  0072                     ??_OSCILLATOR_Initialize:	
   849                           ; 1 bytes @ 0x0
   850                           
   851  0072                     ?_WDT_Initialize:	
   852                           ; 1 bytes @ 0x0
   853                           
   854  0072                     ??_WDT_Initialize:	
   855                           ; 1 bytes @ 0x0
   856                           
   857  0072                     ?_IOCCF2_SetInterruptHandler:	
   858                           ; 1 bytes @ 0x0
   859                           
   860  0072                     ?_IOCCF2_DefaultInterruptHandler:	
   861                           ; 1 bytes @ 0x0
   862                           
   863  0072                     ??_IOCCF2_DefaultInterruptHandler:	
   864                           ; 1 bytes @ 0x0
   865                           
   866  0072                     ?_IOCCF2_ISR:	
   867                           ; 1 bytes @ 0x0
   868                           
   869  0072                     ??_IOCCF2_ISR:	
   870                           ; 1 bytes @ 0x0
   871                           
   872  0072                     ?_main:	
   873                           ; 1 bytes @ 0x0
   874                           
   875  0072                     ?_INTERRUPT_InterruptManager:	
   876                           ; 1 bytes @ 0x0
   877                           
   878  0072                     ??_INTERRUPT_InterruptManager:	
   879                           ; 1 bytes @ 0x0
   880                           
   881  0072                     IOCCF2_SetInterruptHandler@InterruptHandler:	
   882                           ; 1 bytes @ 0x0
   883                           
   884                           
   885                           ; 2 bytes @ 0x0
   886  0072                     	ds	2
   887  0074                     ??_SYSTEM_Initialize:
   888  0074                     ??_PIN_MANAGER_Initialize:	
   889                           ; 1 bytes @ 0x2
   890                           
   891  0074                     ??_IOCCF2_SetInterruptHandler:	
   892                           ; 1 bytes @ 0x2
   893                           
   894  0074                     ??_main:	
   895                           ; 1 bytes @ 0x2
   896                           
   897                           
   898                           	psect	maintext
   899  0079                     __pmaintext:	
   900                           ; 1 bytes @ 0x2
   901 ;;
   902 ;;Main: autosize = 0, tempsize = 0, incstack = 0, save=0
   903 ;;
   904 ;; *************** function _main *****************
   905 ;; Defined at:
   906 ;;		line 49 in file "main.c"
   907 ;; Parameters:    Size  Location     Type
   908 ;;		None
   909 ;; Auto vars:     Size  Location     Type
   910 ;;		None
   911 ;; Return value:  Size  Location     Type
   912 ;;                  1    wreg      void 
   913 ;; Registers used:
   914 ;;		wreg, status,2, status,0, pclath, cstack
   915 ;; Tracked objects:
   916 ;;		On entry : B3F/0
   917 ;;		On exit  : 0/0
   918 ;;		Unchanged: 0/0
   919 ;; Data sizes:     COMMON   BANK0   BANK1   BANK2   BANK3   BANK4   BANK5   BANK6
   920 ;;      Params:         0       0       0       0       0       0       0       0
   921 ;;      Locals:         0       0       0       0       0       0       0       0
   922 ;;      Temps:          0       0       0       0       0       0       0       0
   923 ;;      Totals:         0       0       0       0       0       0       0       0
   924 ;;Total ram usage:        0 bytes
   925 ;; Hardware stack levels required when called:    7
   926 ;; This function calls:
   927 ;;		_SYSTEM_Initialize
   928 ;; This function is called by:
   929 ;;		Startup code after reset
   930 ;; This function uses a non-reentrant model
   931 ;;
   932                           
   933                           
   934                           ;psect for function _main
   935  0079                     _main:
   936  0079                     l761:	
   937                           ;incstack = 0
   938                           ; Regs used in _main: [wreg+status,2+status,0+pclath+cstack]
   939                           
   940                           
   941                           ;main.c: 51:     SYSTEM_Initialize();
   942  0079  3180  2066  3180   	fcall	_SYSTEM_Initialize
   943  007C                     l763:
   944                           
   945                           ;main.c: 52:     (INTCONbits.GIE = 1);
   946  007C  178B               	bsf	11,7	;volatile
   947  007D                     l765:
   948                           
   949                           ;main.c: 53:     (INTCONbits.PEIE = 1);
   950  007D  170B               	bsf	11,6	;volatile
   951  007E                     l9:	
   952                           ;main.c: 55:     while (1)
   953                           
   954  007E                     l10:	
   955                           ;main.c: 56:     {;main.c: 58:     }
   956                           
   957  007E  287E               	goto	l9
   958  007F  3180  2814         	ljmp	start
   959  0081                     __end_of_main:
   960                           
   961                           	psect	text1
   962  0066                     __ptext1:	
   963 ;; *************** function _SYSTEM_Initialize *****************
   964 ;; Defined at:
   965 ;;		line 49 in file "mcc_generated_files/mcc.c"
   966 ;; Parameters:    Size  Location     Type
   967 ;;		None
   968 ;; Auto vars:     Size  Location     Type
   969 ;;		None
   970 ;; Return value:  Size  Location     Type
   971 ;;                  1    wreg      void 
   972 ;; Registers used:
   973 ;;		wreg, status,2, status,0, pclath, cstack
   974 ;; Tracked objects:
   975 ;;		On entry : 0/0
   976 ;;		On exit  : 0/0
   977 ;;		Unchanged: 0/0
   978 ;; Data sizes:     COMMON   BANK0   BANK1   BANK2   BANK3   BANK4   BANK5   BANK6
   979 ;;      Params:         0       0       0       0       0       0       0       0
   980 ;;      Locals:         0       0       0       0       0       0       0       0
   981 ;;      Temps:          0       0       0       0       0       0       0       0
   982 ;;      Totals:         0       0       0       0       0       0       0       0
   983 ;;Total ram usage:        0 bytes
   984 ;; Hardware stack levels used:    1
   985 ;; Hardware stack levels required when called:    6
   986 ;; This function calls:
   987 ;;		_OSCILLATOR_Initialize
   988 ;;		_PIN_MANAGER_Initialize
   989 ;;		_WDT_Initialize
   990 ;; This function is called by:
   991 ;;		_main
   992 ;; This function uses a non-reentrant model
   993 ;;
   994                           
   995                           
   996                           ;psect for function _SYSTEM_Initialize
   997  0066                     _SYSTEM_Initialize:
   998  0066                     l755:	
   999                           ;incstack = 0
  1000                           ; Regs used in _SYSTEM_Initialize: [wreg+status,2+status,0+pclath+cstack]
  1001                           
  1002                           
  1003                           ;mcc_generated_files/mcc.c: 51:     PIN_MANAGER_Initialize();
  1004  0066  3180  201A  3180   	fcall	_PIN_MANAGER_Initialize
  1005  0069                     l757:
  1006                           
  1007                           ;mcc_generated_files/mcc.c: 52:     OSCILLATOR_Initialize();
  1008  0069  3180  2086  3180   	fcall	_OSCILLATOR_Initialize
  1009  006C                     l759:
  1010                           
  1011                           ;mcc_generated_files/mcc.c: 53:     WDT_Initialize();
  1012  006C  3180  208B  3180   	fcall	_WDT_Initialize
  1013  006F                     l42:
  1014  006F  0008               	return
  1015  0070                     __end_of_SYSTEM_Initialize:
  1016                           
  1017                           	psect	text2
  1018  008B                     __ptext2:	
  1019 ;; *************** function _WDT_Initialize *****************
  1020 ;; Defined at:
  1021 ;;		line 63 in file "mcc_generated_files/mcc.c"
  1022 ;; Parameters:    Size  Location     Type
  1023 ;;		None
  1024 ;; Auto vars:     Size  Location     Type
  1025 ;;		None
  1026 ;; Return value:  Size  Location     Type
  1027 ;;                  1    wreg      void 
  1028 ;; Registers used:
  1029 ;;		status,2
  1030 ;; Tracked objects:
  1031 ;;		On entry : 0/0
  1032 ;;		On exit  : 0/0
  1033 ;;		Unchanged: 0/0
  1034 ;; Data sizes:     COMMON   BANK0   BANK1   BANK2   BANK3   BANK4   BANK5   BANK6
  1035 ;;      Params:         0       0       0       0       0       0       0       0
  1036 ;;      Locals:         0       0       0       0       0       0       0       0
  1037 ;;      Temps:          0       0       0       0       0       0       0       0
  1038 ;;      Totals:         0       0       0       0       0       0       0       0
  1039 ;;Total ram usage:        0 bytes
  1040 ;; Hardware stack levels used:    1
  1041 ;; Hardware stack levels required when called:    4
  1042 ;; This function calls:
  1043 ;;		Nothing
  1044 ;; This function is called by:
  1045 ;;		_SYSTEM_Initialize
  1046 ;; This function uses a non-reentrant model
  1047 ;;
  1048                           
  1049                           
  1050                           ;psect for function _WDT_Initialize
  1051  008B                     _WDT_Initialize:
  1052  008B                     l691:	
  1053                           ;incstack = 0
  1054                           ; Regs used in _WDT_Initialize: [status,2]
  1055                           
  1056                           
  1057                           ;mcc_generated_files/mcc.c: 65:     WDTCON = 0x00;
  1058  008B  0150               	movlb	16	; select bank16
  1059  008C  018C               	clrf	12	;volatile
  1060  008D                     l48:
  1061  008D  0008               	return
  1062  008E                     __end_of_WDT_Initialize:
  1063                           
  1064                           	psect	text3
  1065  001A                     __ptext3:	
  1066 ;; *************** function _PIN_MANAGER_Initialize *****************
  1067 ;; Defined at:
  1068 ;;		line 53 in file "mcc_generated_files/pin_manager.c"
  1069 ;; Parameters:    Size  Location     Type
  1070 ;;		None
  1071 ;; Auto vars:     Size  Location     Type
  1072 ;;		None
  1073 ;; Return value:  Size  Location     Type
  1074 ;;                  1    wreg      void 
  1075 ;; Registers used:
  1076 ;;		wreg, status,2, status,0, pclath, cstack
  1077 ;; Tracked objects:
  1078 ;;		On entry : 0/0
  1079 ;;		On exit  : 0/0
  1080 ;;		Unchanged: 0/0
  1081 ;; Data sizes:     COMMON   BANK0   BANK1   BANK2   BANK3   BANK4   BANK5   BANK6
  1082 ;;      Params:         0       0       0       0       0       0       0       0
  1083 ;;      Locals:         0       0       0       0       0       0       0       0
  1084 ;;      Temps:          0       0       0       0       0       0       0       0
  1085 ;;      Totals:         0       0       0       0       0       0       0       0
  1086 ;;Total ram usage:        0 bytes
  1087 ;; Hardware stack levels used:    1
  1088 ;; Hardware stack levels required when called:    5
  1089 ;; This function calls:
  1090 ;;		_IOCCF2_SetInterruptHandler
  1091 ;; This function is called by:
  1092 ;;		_SYSTEM_Initialize
  1093 ;; This function uses a non-reentrant model
  1094 ;;
  1095                           
  1096                           
  1097                           ;psect for function _PIN_MANAGER_Initialize
  1098  001A                     _PIN_MANAGER_Initialize:
  1099  001A                     l723:	
  1100                           ;incstack = 0
  1101                           ; Regs used in _PIN_MANAGER_Initialize: [wreg+status,2+status,0+pclath+cstack]
  1102                           
  1103                           
  1104                           ;mcc_generated_files/pin_manager.c: 56:     LATA = 0x00;
  1105  001A  0140               	movlb	0	; select bank0
  1106  001B  0198               	clrf	24	;volatile
  1107                           
  1108                           ;mcc_generated_files/pin_manager.c: 57:     LATB = 0x00;
  1109  001C  0199               	clrf	25	;volatile
  1110                           
  1111                           ;mcc_generated_files/pin_manager.c: 58:     LATC = 0x00;
  1112  001D  019A               	clrf	26	;volatile
  1113  001E                     l725:
  1114                           
  1115                           ;mcc_generated_files/pin_manager.c: 61:     TRISA = 0x3B;
  1116  001E  303B               	movlw	59
  1117  001F  0092               	movwf	18	;volatile
  1118  0020                     l727:
  1119                           
  1120                           ;mcc_generated_files/pin_manager.c: 62:     TRISB = 0xF0;
  1121  0020  30F0               	movlw	240
  1122  0021  0093               	movwf	19	;volatile
  1123  0022                     l729:
  1124                           
  1125                           ;mcc_generated_files/pin_manager.c: 63:     TRISC = 0xFF;
  1126  0022  30FF               	movlw	255
  1127  0023  0094               	movwf	20	;volatile
  1128  0024                     l731:
  1129                           
  1130                           ;mcc_generated_files/pin_manager.c: 66:     ANSELC = 0xFB;
  1131  0024  30FB               	movlw	251
  1132  0025  017E               	movlb	62	; select bank62
  1133  0026  00CE               	movwf	78	;volatile
  1134  0027                     l733:
  1135                           
  1136                           ;mcc_generated_files/pin_manager.c: 67:     ANSELB = 0xF0;
  1137  0027  30F0               	movlw	240
  1138  0028  00C3               	movwf	67	;volatile
  1139  0029                     l735:
  1140                           
  1141                           ;mcc_generated_files/pin_manager.c: 68:     ANSELA = 0x33;
  1142  0029  3033               	movlw	51
  1143  002A  00B8               	movwf	56	;volatile
  1144                           
  1145                           ;mcc_generated_files/pin_manager.c: 71:     WPUB = 0x00;
  1146  002B  01C4               	clrf	68	;volatile
  1147                           
  1148                           ;mcc_generated_files/pin_manager.c: 72:     WPUA = 0x00;
  1149  002C  01B9               	clrf	57	;volatile
  1150  002D                     l737:
  1151                           
  1152                           ;mcc_generated_files/pin_manager.c: 73:     WPUC = 0x04;
  1153  002D  3004               	movlw	4
  1154  002E  00CF               	movwf	79	;volatile
  1155  002F                     l739:
  1156                           
  1157                           ;mcc_generated_files/pin_manager.c: 76:     ODCONA = 0x00;
  1158  002F  01BA               	clrf	58	;volatile
  1159  0030                     l741:
  1160                           
  1161                           ;mcc_generated_files/pin_manager.c: 77:     ODCONB = 0x00;
  1162  0030  01C5               	clrf	69	;volatile
  1163  0031                     l743:
  1164                           
  1165                           ;mcc_generated_files/pin_manager.c: 78:     ODCONC = 0x00;
  1166  0031  01D0               	clrf	80	;volatile
  1167                           
  1168                           ;mcc_generated_files/pin_manager.c: 81:     SLRCONA = 0x37;
  1169  0032  3037               	movlw	55
  1170  0033  00BB               	movwf	59	;volatile
  1171                           
  1172                           ;mcc_generated_files/pin_manager.c: 82:     SLRCONB = 0xF0;
  1173  0034  30F0               	movlw	240
  1174  0035  00C6               	movwf	70	;volatile
  1175                           
  1176                           ;mcc_generated_files/pin_manager.c: 83:     SLRCONC = 0xFF;
  1177  0036  30FF               	movlw	255
  1178  0037  00D1               	movwf	81	;volatile
  1179                           
  1180                           ;mcc_generated_files/pin_manager.c: 86:     INLVLA = 0x3F;
  1181  0038  303F               	movlw	63
  1182  0039  00BC               	movwf	60	;volatile
  1183                           
  1184                           ;mcc_generated_files/pin_manager.c: 87:     INLVLB = 0xF0;
  1185  003A  30F0               	movlw	240
  1186  003B  00C7               	movwf	71	;volatile
  1187                           
  1188                           ;mcc_generated_files/pin_manager.c: 88:     INLVLC = 0xFF;
  1189  003C  30FF               	movlw	255
  1190  003D  00D2               	movwf	82	;volatile
  1191  003E                     l745:
  1192                           
  1193                           ;mcc_generated_files/pin_manager.c: 92:     IOCCFbits.IOCCF2 = 0;
  1194  003E  1155               	bcf	85,2	;volatile
  1195  003F                     l747:
  1196                           
  1197                           ;mcc_generated_files/pin_manager.c: 93:     IOCCNbits.IOCCN2 = 1;
  1198  003F  1554               	bsf	84,2	;volatile
  1199  0040                     l749:
  1200                           
  1201                           ;mcc_generated_files/pin_manager.c: 94:     IOCCPbits.IOCCP2 = 1;
  1202  0040  1553               	bsf	83,2	;volatile
  1203  0041                     l751:
  1204                           
  1205                           ;mcc_generated_files/pin_manager.c: 96:     IOCCF2_SetInterruptHandler(IOCCF2_DefaultInt
      +                          erruptHandler);
  1206  0041  3059               	movlw	low _IOCCF2_DefaultInterruptHandler
  1207  0042  00F2               	movwf	IOCCF2_SetInterruptHandler@InterruptHandler
  1208  0043  3000               	movlw	high _IOCCF2_DefaultInterruptHandler
  1209  0044  00F3               	movwf	IOCCF2_SetInterruptHandler@InterruptHandler+1
  1210  0045  3180  2081  3180   	fcall	_IOCCF2_SetInterruptHandler
  1211  0048                     l753:
  1212                           
  1213                           ;mcc_generated_files/pin_manager.c: 98:     PIE0bits.IOCIE = 1;
  1214  0048  014E               	movlb	14	; select bank14
  1215  0049  1616               	bsf	22,4	;volatile
  1216  004A                     l111:
  1217  004A  0008               	return
  1218  004B                     __end_of_PIN_MANAGER_Initialize:
  1219                           
  1220                           	psect	text4
  1221  0081                     __ptext4:	
  1222 ;; *************** function _IOCCF2_SetInterruptHandler *****************
  1223 ;; Defined at:
  1224 ;;		line 118 in file "mcc_generated_files/pin_manager.c"
  1225 ;; Parameters:    Size  Location     Type
  1226 ;;  InterruptHan    2    0[COMMON] PTR FTN()void 
  1227 ;;		 -> IOCCF2_DefaultInterruptHandler(1), 
  1228 ;; Auto vars:     Size  Location     Type
  1229 ;;		None
  1230 ;; Return value:  Size  Location     Type
  1231 ;;                  1    wreg      void 
  1232 ;; Registers used:
  1233 ;;		wreg
  1234 ;; Tracked objects:
  1235 ;;		On entry : 0/0
  1236 ;;		On exit  : 0/0
  1237 ;;		Unchanged: 0/0
  1238 ;; Data sizes:     COMMON   BANK0   BANK1   BANK2   BANK3   BANK4   BANK5   BANK6
  1239 ;;      Params:         2       0       0       0       0       0       0       0
  1240 ;;      Locals:         0       0       0       0       0       0       0       0
  1241 ;;      Temps:          0       0       0       0       0       0       0       0
  1242 ;;      Totals:         2       0       0       0       0       0       0       0
  1243 ;;Total ram usage:        2 bytes
  1244 ;; Hardware stack levels used:    1
  1245 ;; Hardware stack levels required when called:    4
  1246 ;; This function calls:
  1247 ;;		Nothing
  1248 ;; This function is called by:
  1249 ;;		_PIN_MANAGER_Initialize
  1250 ;; This function uses a non-reentrant model
  1251 ;;
  1252                           
  1253                           
  1254                           ;psect for function _IOCCF2_SetInterruptHandler
  1255  0081                     _IOCCF2_SetInterruptHandler:
  1256  0081                     l721:	
  1257                           ;incstack = 0
  1258                           ; Regs used in _IOCCF2_SetInterruptHandler: [wreg]
  1259                           
  1260                           
  1261                           ;mcc_generated_files/pin_manager.c: 118: void IOCCF2_SetInterruptHandler(void (* Interru
      +                          ptHandler)(void));mcc_generated_files/pin_manager.c: 119: {;mcc_generated_files/pin_mana
      +                          ger.c: 120:     IOCCF2_InterruptHandler = InterruptHandler;
  1262  0081  0873               	movf	IOCCF2_SetInterruptHandler@InterruptHandler+1,w
  1263  0082  00F1               	movwf	_IOCCF2_InterruptHandler+1
  1264  0083  0872               	movf	IOCCF2_SetInterruptHandler@InterruptHandler,w
  1265  0084  00F0               	movwf	_IOCCF2_InterruptHandler
  1266  0085                     l122:
  1267  0085  0008               	return
  1268  0086                     __end_of_IOCCF2_SetInterruptHandler:
  1269                           
  1270                           	psect	text5
  1271  0086                     __ptext5:	
  1272 ;; *************** function _OSCILLATOR_Initialize *****************
  1273 ;; Defined at:
  1274 ;;		line 56 in file "mcc_generated_files/mcc.c"
  1275 ;; Parameters:    Size  Location     Type
  1276 ;;		None
  1277 ;; Auto vars:     Size  Location     Type
  1278 ;;		None
  1279 ;; Return value:  Size  Location     Type
  1280 ;;                  1    wreg      void 
  1281 ;; Registers used:
  1282 ;;		status,2
  1283 ;; Tracked objects:
  1284 ;;		On entry : 0/0
  1285 ;;		On exit  : 0/0
  1286 ;;		Unchanged: 0/0
  1287 ;; Data sizes:     COMMON   BANK0   BANK1   BANK2   BANK3   BANK4   BANK5   BANK6
  1288 ;;      Params:         0       0       0       0       0       0       0       0
  1289 ;;      Locals:         0       0       0       0       0       0       0       0
  1290 ;;      Temps:          0       0       0       0       0       0       0       0
  1291 ;;      Totals:         0       0       0       0       0       0       0       0
  1292 ;;Total ram usage:        0 bytes
  1293 ;; Hardware stack levels used:    1
  1294 ;; Hardware stack levels required when called:    4
  1295 ;; This function calls:
  1296 ;;		Nothing
  1297 ;; This function is called by:
  1298 ;;		_SYSTEM_Initialize
  1299 ;; This function uses a non-reentrant model
  1300 ;;
  1301                           
  1302                           
  1303                           ;psect for function _OSCILLATOR_Initialize
  1304  0086                     _OSCILLATOR_Initialize:
  1305  0086                     l689:	
  1306                           ;incstack = 0
  1307                           ; Regs used in _OSCILLATOR_Initialize: [status,2]
  1308                           
  1309                           
  1310                           ;mcc_generated_files/mcc.c: 58:     OSCEN = 0x00;
  1311  0086  0151               	movlb	17	; select bank17
  1312  0087  0191               	clrf	17	;volatile
  1313                           
  1314                           ;mcc_generated_files/mcc.c: 59:     OSCFRQ = 0x00;
  1315  0088  0193               	clrf	19	;volatile
  1316                           
  1317                           ;mcc_generated_files/mcc.c: 60:     OSCTUNE = 0x00;
  1318  0089  0192               	clrf	18	;volatile
  1319  008A                     l45:
  1320  008A  0008               	return
  1321  008B                     __end_of_OSCILLATOR_Initialize:
  1322                           
  1323                           	psect	intentry
  1324  0004                     __pintentry:	
  1325 ;; *************** function _INTERRUPT_InterruptManager *****************
  1326 ;; Defined at:
  1327 ;;		line 52 in file "mcc_generated_files/interrupt_manager.c"
  1328 ;; Parameters:    Size  Location     Type
  1329 ;;		None
  1330 ;; Auto vars:     Size  Location     Type
  1331 ;;		None
  1332 ;; Return value:  Size  Location     Type
  1333 ;;                  1    wreg      void 
  1334 ;; Registers used:
  1335 ;;		wreg, status,2, status,0, pclath, cstack
  1336 ;; Tracked objects:
  1337 ;;		On entry : 0/0
  1338 ;;		On exit  : 0/0
  1339 ;;		Unchanged: 0/0
  1340 ;; Data sizes:     COMMON   BANK0   BANK1   BANK2   BANK3   BANK4   BANK5   BANK6
  1341 ;;      Params:         0       0       0       0       0       0       0       0
  1342 ;;      Locals:         0       0       0       0       0       0       0       0
  1343 ;;      Temps:          0       0       0       0       0       0       0       0
  1344 ;;      Totals:         0       0       0       0       0       0       0       0
  1345 ;;Total ram usage:        0 bytes
  1346 ;; Hardware stack levels used:    1
  1347 ;; Hardware stack levels required when called:    3
  1348 ;; This function calls:
  1349 ;;		_PIN_MANAGER_IOC
  1350 ;; This function is called by:
  1351 ;;		Interrupt level 1
  1352 ;; This function uses a non-reentrant model
  1353 ;;
  1354                           
  1355  0004                     _INTERRUPT_InterruptManager:
  1356                           
  1357                           ;incstack = 0
  1358  0004  147E               	bsf	int$flags,0	;set compiler interrupt flag (level 1)
  1359                           
  1360                           ; Regs used in _INTERRUPT_InterruptManager: [wreg+status,2+status,0+pclath+cstack]
  1361  0005  3180               	pagesel	$
  1362  0006                     i1l715:
  1363                           
  1364                           ;mcc_generated_files/interrupt_manager.c: 54:     if(PIE0bits.IOCIE == 1 && PIR0bits.IOC
      +                          IF == 1)
  1365  0006  014E               	movlb	14	; select bank14
  1366  0007  1E16               	btfss	22,4	;volatile
  1367  0008  280A               	goto	u5_21
  1368  0009  280B               	goto	u5_20
  1369  000A                     u5_21:
  1370  000A  2812               	goto	i1l25
  1371  000B                     u5_20:
  1372  000B                     i1l717:
  1373  000B  1E0C               	btfss	12,4	;volatile
  1374  000C  280E               	goto	u6_21
  1375  000D  280F               	goto	u6_20
  1376  000E                     u6_21:
  1377  000E  2812               	goto	i1l25
  1378  000F                     u6_20:
  1379  000F                     i1l719:
  1380                           
  1381                           ;mcc_generated_files/interrupt_manager.c: 55:     {;mcc_generated_files/interrupt_manage
      +                          r.c: 56:         PIN_MANAGER_IOC();
  1382  000F  3180  2070  3180   	fcall	_PIN_MANAGER_IOC
  1383  0012                     i1l25:	
  1384                           ;mcc_generated_files/interrupt_manager.c: 57:     }
  1385                           
  1386  0012  107E               	bcf	int$flags,0	;clear compiler interrupt flag (level 1)
  1387  0013  0009               	retfie
  1388  0014                     __end_of_INTERRUPT_InterruptManager:
  1389                           
  1390                           	psect	text7
  1391  0070                     __ptext7:	
  1392 ;; *************** function _PIN_MANAGER_IOC *****************
  1393 ;; Defined at:
  1394 ;;		line 101 in file "mcc_generated_files/pin_manager.c"
  1395 ;; Parameters:    Size  Location     Type
  1396 ;;		None
  1397 ;; Auto vars:     Size  Location     Type
  1398 ;;		None
  1399 ;; Return value:  Size  Location     Type
  1400 ;;                  1    wreg      void 
  1401 ;; Registers used:
  1402 ;;		wreg, status,2, status,0, pclath, cstack
  1403 ;; Tracked objects:
  1404 ;;		On entry : 0/0
  1405 ;;		On exit  : 0/0
  1406 ;;		Unchanged: 0/0
  1407 ;; Data sizes:     COMMON   BANK0   BANK1   BANK2   BANK3   BANK4   BANK5   BANK6
  1408 ;;      Params:         0       0       0       0       0       0       0       0
  1409 ;;      Locals:         0       0       0       0       0       0       0       0
  1410 ;;      Temps:          0       0       0       0       0       0       0       0
  1411 ;;      Totals:         0       0       0       0       0       0       0       0
  1412 ;;Total ram usage:        0 bytes
  1413 ;; Hardware stack levels used:    1
  1414 ;; Hardware stack levels required when called:    2
  1415 ;; This function calls:
  1416 ;;		_IOCCF2_ISR
  1417 ;; This function is called by:
  1418 ;;		_INTERRUPT_InterruptManager
  1419 ;; This function uses a non-reentrant model
  1420 ;;
  1421                           
  1422                           
  1423                           ;psect for function _PIN_MANAGER_IOC
  1424  0070                     _PIN_MANAGER_IOC:
  1425  0070                     i1l705:	
  1426                           ;incstack = 0
  1427                           ; Regs used in _PIN_MANAGER_IOC: [wreg+status,2+status,0+pclath+cstack]
  1428                           
  1429                           
  1430                           ;mcc_generated_files/pin_manager.c: 103:     if(IOCCFbits.IOCCF2 == 1)
  1431  0070  017E               	movlb	62	; select bank62
  1432  0071  1D55               	btfss	85,2	;volatile
  1433  0072  2874               	goto	u4_21
  1434  0073  2875               	goto	u4_20
  1435  0074                     u4_21:
  1436  0074  2878               	goto	i1l115
  1437  0075                     u4_20:
  1438  0075                     i1l707:
  1439                           
  1440                           ;mcc_generated_files/pin_manager.c: 104:     {;mcc_generated_files/pin_manager.c: 105:  
      +                                 IOCCF2_ISR();
  1441  0075  3180  204B  3180   	fcall	_IOCCF2_ISR
  1442  0078                     i1l115:
  1443  0078  0008               	return
  1444  0079                     __end_of_PIN_MANAGER_IOC:
  1445                           
  1446                           	psect	text8
  1447  004B                     __ptext8:	
  1448 ;; *************** function _IOCCF2_ISR *****************
  1449 ;; Defined at:
  1450 ;;		line 109 in file "mcc_generated_files/pin_manager.c"
  1451 ;; Parameters:    Size  Location     Type
  1452 ;;		None
  1453 ;; Auto vars:     Size  Location     Type
  1454 ;;		None
  1455 ;; Return value:  Size  Location     Type
  1456 ;;                  1    wreg      void 
  1457 ;; Registers used:
  1458 ;;		wreg, status,2, status,0, pclath, cstack
  1459 ;; Tracked objects:
  1460 ;;		On entry : 0/0
  1461 ;;		On exit  : 0/0
  1462 ;;		Unchanged: 0/0
  1463 ;; Data sizes:     COMMON   BANK0   BANK1   BANK2   BANK3   BANK4   BANK5   BANK6
  1464 ;;      Params:         0       0       0       0       0       0       0       0
  1465 ;;      Locals:         0       0       0       0       0       0       0       0
  1466 ;;      Temps:          0       0       0       0       0       0       0       0
  1467 ;;      Totals:         0       0       0       0       0       0       0       0
  1468 ;;Total ram usage:        0 bytes
  1469 ;; Hardware stack levels used:    1
  1470 ;; Hardware stack levels required when called:    1
  1471 ;; This function calls:
  1472 ;;		Absolute function
  1473 ;;		_IOCCF2_DefaultInterruptHandler
  1474 ;; This function is called by:
  1475 ;;		_PIN_MANAGER_IOC
  1476 ;; This function uses a non-reentrant model
  1477 ;;
  1478                           
  1479                           
  1480                           ;psect for function _IOCCF2_ISR
  1481  004B                     _IOCCF2_ISR:
  1482  004B                     i1l693:	
  1483                           ;incstack = 0
  1484                           ; Regs used in _IOCCF2_ISR: [wreg+status,2+status,0+pclath+cstack]
  1485                           
  1486                           
  1487                           ;mcc_generated_files/pin_manager.c: 111:     if(IOCCF2_InterruptHandler)
  1488  004B  0870               	movf	_IOCCF2_InterruptHandler,w
  1489  004C  0471               	iorwf	_IOCCF2_InterruptHandler+1,w
  1490  004D  1903               	btfsc	3,2
  1491  004E  2850               	goto	u3_21
  1492  004F  2851               	goto	u3_20
  1493  0050                     u3_21:
  1494  0050  2856               	goto	i1l697
  1495  0051                     u3_20:
  1496  0051                     i1l695:
  1497                           
  1498                           ;mcc_generated_files/pin_manager.c: 112:     {;mcc_generated_files/pin_manager.c: 113:  
      +                                 IOCCF2_InterruptHandler();
  1499  0051  0871               	movf	_IOCCF2_InterruptHandler+1,w
  1500  0052  008A               	movwf	10
  1501  0053  0870               	movf	_IOCCF2_InterruptHandler,w
  1502  0054  000A               	callw
  1503  0055  3180               	pagesel	$
  1504  0056                     i1l697:
  1505                           
  1506                           ;mcc_generated_files/pin_manager.c: 115:     IOCCFbits.IOCCF2 = 0;
  1507  0056  017E               	movlb	62	; select bank62
  1508  0057  1155               	bcf	85,2	;volatile
  1509  0058                     i1l119:
  1510  0058  0008               	return
  1511  0059                     __end_of_IOCCF2_ISR:
  1512                           
  1513                           	psect	text9
  1514  0059                     __ptext9:	
  1515 ;; *************** function _IOCCF2_DefaultInterruptHandler *****************
  1516 ;; Defined at:
  1517 ;;		line 123 in file "mcc_generated_files/pin_manager.c"
  1518 ;; Parameters:    Size  Location     Type
  1519 ;;		None
  1520 ;; Auto vars:     Size  Location     Type
  1521 ;;		None
  1522 ;; Return value:  Size  Location     Type
  1523 ;;                  1    wreg      void 
  1524 ;; Registers used:
  1525 ;;		status,0
  1526 ;; Tracked objects:
  1527 ;;		On entry : 0/0
  1528 ;;		On exit  : 0/0
  1529 ;;		Unchanged: 0/0
  1530 ;; Data sizes:     COMMON   BANK0   BANK1   BANK2   BANK3   BANK4   BANK5   BANK6
  1531 ;;      Params:         0       0       0       0       0       0       0       0
  1532 ;;      Locals:         0       0       0       0       0       0       0       0
  1533 ;;      Temps:          0       0       0       0       0       0       0       0
  1534 ;;      Totals:         0       0       0       0       0       0       0       0
  1535 ;;Total ram usage:        0 bytes
  1536 ;; Hardware stack levels used:    1
  1537 ;; This function calls:
  1538 ;;		Nothing
  1539 ;; This function is called by:
  1540 ;;		_PIN_MANAGER_Initialize
  1541 ;;		_IOCCF2_ISR
  1542 ;; This function uses a non-reentrant model
  1543 ;;
  1544                           
  1545                           
  1546                           ;psect for function _IOCCF2_DefaultInterruptHandler
  1547  0059                     _IOCCF2_DefaultInterruptHandler:
  1548  0059                     i1l125:	
  1549                           ;incstack = 0
  1550                           ; Regs used in _IOCCF2_DefaultInterruptHandler: [status,0]
  1551                           ;mcc_generated_files/pin_manager.c: 125:     do { LATAbits.LATA2 = ~LATAbits.LATA2; } wh
      +                          ile(0);
  1552                           
  1553  0059                     i1l655:
  1554  0059  1003               	clrc
  1555  005A  0140               	movlb	0	; select bank0
  1556  005B  1D18               	btfss	24,2	;volatile
  1557  005C  1403               	setc
  1558  005D  1803               	btfsc	3,0
  1559  005E  2860               	goto	u1_21
  1560  005F  2863               	goto	u1_20
  1561  0060                     u1_21:
  1562  0060  0140               	movlb	0	; select bank0
  1563  0061  1518               	bsf	24,2	;volatile
  1564  0062  2865               	goto	u2_24
  1565  0063                     u1_20:
  1566  0063  0140               	movlb	0	; select bank0
  1567  0064  1118               	bcf	24,2	;volatile
  1568  0065                     u2_24:
  1569  0065                     i1l127:
  1570  0065  0008               	return
  1571  0066                     __end_of_IOCCF2_DefaultInterruptHandler:
  1572  007E                     btemp	set	126	;btemp
  1573  007E                     int$flags	set	126
  1574  007E                     wtemp0	set	126
  1575                           
  1576                           	psect	config
  1577                           
  1578                           ;Config register CONFIG1 @ 0x8007
  1579                           ;	External Oscillator Mode Selection bits
  1580                           ;	FEXTOSC = OFF, Oscillator not enabled
  1581                           ;	Power-up Default Value for COSC bits
  1582                           ;	RSTOSC = HFINTOSC_1MHZ, HFINTOSC (1 MHz)
  1583                           ;	Clock Out Enable bit
  1584                           ;	CLKOUTEN = OFF, CLKOUT function is disabled; I/O function on RA4
  1585                           ;	VDD Range Analog Calibration Selection bit
  1586                           ;	VDDAR = HI, Internal analog systems are calibrated for operation between VDD = 2.3V - 
      +                          5.5V
  1587  8007                     	org	32775
  1588  8007  3FED               	dw	16365
  1589                           
  1590                           ;Config register CONFIG2 @ 0x8008
  1591                           ;	Master Clear Enable bit
  1592                           ;	MCLRE = EXTMCLR, If LVP = 0, MCLR pin is MCLR; If LVP = 1, RA3 pin function is MCLR
  1593                           ;	Power-up Timer Selection bits
  1594                           ;	PWRTS = PWRT_OFF, PWRT is disabled
  1595                           ;	WDT Operating Mode bits
  1596                           ;	WDTE = OFF, WDT disabled; SEN is ignored
  1597                           ;	Brown-out Reset Enable bits
  1598                           ;	BOREN = ON, Brown-out Reset Enabled, SBOREN bit is ignored
  1599                           ;	Brown-out Reset Voltage Selection bit
  1600                           ;	BORV = LO, Brown-out Reset Voltage (VBOR) set to 1.9V
  1601                           ;	PPSLOCKED One-Way Set Enable bit
  1602                           ;	PPS1WAY = ON, The PPSLOCKED bit can be cleared and set only once in software
  1603                           ;	Stack Overflow/Underflow Reset Enable bit
  1604                           ;	STVREN = ON, Stack Overflow or Underflow will cause a reset
  1605  8008                     	org	32776
  1606  8008  3FE7               	dw	16359
  1607                           
  1608                           ;Config register CONFIG4 @ 0x800A
  1609                           ;	Boot Block Size Selection bits
  1610                           ;	BBSIZE = BB512, 512 words boot block size
  1611                           ;	Boot Block Enable bit
  1612                           ;	BBEN = OFF, Boot Block is disabled
  1613                           ;	SAF Enable bit
  1614                           ;	SAFEN = OFF, SAF is disabled
  1615                           ;	Application Block Write Protection bit
  1616                           ;	WRTAPP = OFF, Application Block is not write-protected
  1617                           ;	Boot Block Write Protection bit
  1618                           ;	WRTB = OFF, Boot Block is not write-protected
  1619                           ;	Configuration Registers Write Protection bit
  1620                           ;	WRTC = OFF, Configuration Registers are not write-protected
  1621                           ;	Storage Area Flash (SAF) Write Protection bit
  1622                           ;	WRTSAF = OFF, SAF is not write-protected
  1623                           ;	Low Voltage Programming Enable bit
  1624                           ;	LVP = ON, Low Voltage programming enabled. MCLR/Vpp pin function is MCLR. MCLRE Config
      +                          uration bit is ignored.
  1625  800A                     	org	32778
  1626  800A  3FFF               	dw	16383
  1627                           
  1628                           ;Config register CONFIG5 @ 0x800B
  1629                           ;	User Program Flash Memory Code Protection bit
  1630                           ;	CP = OFF, User Program Flash Memory code protection is disabled
  1631  800B                     	org	32779
  1632  800B  3FFF               	dw	16383

Data Sizes:
    Strings     0
    Constant    0
    Data        0
    BSS         0
    Persistent  34
    Stack       0

Auto Spaces:
    Space          Size  Autos    Used
    COMMON           14      2       4
    BANK0            80      0       0
    BANK1            80      0       0
    BANK2            80      0       0
    BANK3            80      0       0
    BANK4            80      0       0
    BANK5            80      0       0
    BANK6            16      0       0

Pointer List with Targets:

    IOCCF2_SetInterruptHandler@InterruptHandler	PTR FTN()void  size(2) Largest target is 1
		 -> IOCCF2_DefaultInterruptHandler(), 

    IOCCF2_InterruptHandler	PTR FTN()void  size(2) Largest target is 1
		 -> Absolute function(), IOCCF2_DefaultInterruptHandler(), 


Critical Paths under _main in COMMON

    _PIN_MANAGER_Initialize->_IOCCF2_SetInterruptHandler

Critical Paths under _INTERRUPT_InterruptManager in COMMON

    None.

Critical Paths under _main in BANK0

    None.

Critical Paths under _INTERRUPT_InterruptManager in BANK0

    None.

Critical Paths under _main in BANK1

    None.

Critical Paths under _INTERRUPT_InterruptManager in BANK1

    None.

Critical Paths under _main in BANK2

    None.

Critical Paths under _INTERRUPT_InterruptManager in BANK2

    None.

Critical Paths under _main in BANK3

    None.

Critical Paths under _INTERRUPT_InterruptManager in BANK3

    None.

Critical Paths under _main in BANK4

    None.

Critical Paths under _INTERRUPT_InterruptManager in BANK4

    None.

Critical Paths under _main in BANK5

    None.

Critical Paths under _INTERRUPT_InterruptManager in BANK5

    None.

Critical Paths under _main in BANK6

    None.

Critical Paths under _INTERRUPT_InterruptManager in BANK6

    None.

Call Graph Tables:

 ---------------------------------------------------------------------------------
 (Depth) Function   	        Calls       Base Space   Used Autos Params    Refs
 ---------------------------------------------------------------------------------
 (0) _main                                                 0     0      0      98
                  _SYSTEM_Initialize
 ---------------------------------------------------------------------------------
 (1) _SYSTEM_Initialize                                    0     0      0      98
              _OSCILLATOR_Initialize
             _PIN_MANAGER_Initialize
                     _WDT_Initialize
 ---------------------------------------------------------------------------------
 (2) _WDT_Initialize                                       0     0      0       0
 ---------------------------------------------------------------------------------
 (2) _PIN_MANAGER_Initialize                               0     0      0      98
         _IOCCF2_SetInterruptHandler
 ---------------------------------------------------------------------------------
 (3) _IOCCF2_SetInterruptHandler                           2     0      2      98
                                              0 COMMON     2     0      2
 ---------------------------------------------------------------------------------
 (2) _OSCILLATOR_Initialize                                0     0      0       0
 ---------------------------------------------------------------------------------
 Estimated maximum stack depth 3
 ---------------------------------------------------------------------------------
 (Depth) Function   	        Calls       Base Space   Used Autos Params    Refs
 ---------------------------------------------------------------------------------
 (4) _INTERRUPT_InterruptManager                           0     0      0       0
                    _PIN_MANAGER_IOC
 ---------------------------------------------------------------------------------
 (5) _PIN_MANAGER_IOC                                      0     0      0       0
                         _IOCCF2_ISR
 ---------------------------------------------------------------------------------
 (6) _IOCCF2_ISR                                           0     0      0       0
                   Absolute function *
     _IOCCF2_DefaultInterruptHandler *
 ---------------------------------------------------------------------------------
 (7) _IOCCF2_DefaultInterruptHandler                       0     0      0       0
 ---------------------------------------------------------------------------------
 (7) Absolute function(Fake)                               0     0      0       0
 ---------------------------------------------------------------------------------
 Estimated maximum stack depth 7
 ---------------------------------------------------------------------------------

 Call Graph Graphs:

 _main (ROOT)
   _SYSTEM_Initialize
     _OSCILLATOR_Initialize
     _PIN_MANAGER_Initialize
       _IOCCF2_SetInterruptHandler
     _WDT_Initialize

 _INTERRUPT_InterruptManager (ROOT)
   _PIN_MANAGER_IOC
     _IOCCF2_ISR
       Absolute function(Fake) *
       _IOCCF2_DefaultInterruptHandler *

 Address spaces:
Name               Size   Autos  Total    Cost      Usage
BIGRAM             1F0      0       0       0        0.0%
NULL                 0      0       0       0        0.0%
CODE                 0      0       0       0        0.0%
BITCOMMON            E      0       0       1        0.0%
BITSFR0              0      0       0       1        0.0%
SFR0                 0      0       0       1        0.0%
COMMON               E      2       4       2       28.6%
BITSFR1              0      0       0       2        0.0%
SFR1                 0      0       0       2        0.0%
BITSFR2              0      0       0       3        0.0%
SFR2                 0      0       0       3        0.0%
STACK                0      0       0       3        0.0%
BITSFR3              0      0       0       4        0.0%
SFR3                 0      0       0       4        0.0%
ABS                  0      0       4       4        0.0%
BITBANK0            50      0       0       5        0.0%
BITSFR4              0      0       0       5        0.0%
SFR4                 0      0       0       5        0.0%
BANK0               50      0       0       6        0.0%
BITSFR5              0      0       0       6        0.0%
SFR5                 0      0       0       6        0.0%
BITBANK1            50      0       0       7        0.0%
BITSFR6              0      0       0       7        0.0%
SFR6                 0      0       0       7        0.0%
BANK1               50      0       0       8        0.0%
BITSFR7              0      0       0       8        0.0%
SFR7                 0      0       0       8        0.0%
BITBANK2            50      0       0       9        0.0%
BITSFR8              0      0       0       9        0.0%
SFR8                 0      0       0       9        0.0%
BANK2               50      0       0      10        0.0%
BITSFR9              0      0       0      10        0.0%
SFR9                 0      0       0      10        0.0%
BITBANK3            50      0       0      11        0.0%
BITSFR10             0      0       0      11        0.0%
SFR10                0      0       0      11        0.0%
BANK3               50      0       0      12        0.0%
BITSFR11             0      0       0      12        0.0%
SFR11                0      0       0      12        0.0%
BITBANK4            50      0       0      13        0.0%
BITSFR12             0      0       0      13        0.0%
SFR12                0      0       0      13        0.0%
BANK4               50      0       0      14        0.0%
BITSFR13             0      0       0      14        0.0%
SFR13                0      0       0      14        0.0%
BITBANK5            50      0       0      15        0.0%
BITSFR14             0      0       0      15        0.0%
SFR14                0      0       0      15        0.0%
BANK5               50      0       0      16        0.0%
BITSFR15             0      0       0      16        0.0%
SFR15                0      0       0      16        0.0%
BITBANK6            10      0       0      17        0.0%
BITSFR16             0      0       0      17        0.0%
SFR16                0      0       0      17        0.0%
BANK6               10      0       0      18        0.0%
BITSFR17             0      0       0      18        0.0%
SFR17                0      0       0      18        0.0%
BITSFR18             0      0       0      19        0.0%
SFR18                0      0       0      19        0.0%
DATA                 0      0       4      19        0.0%
BITSFR19             0      0       0      20        0.0%
SFR19                0      0       0      20        0.0%
BITSFR20             0      0       0      21        0.0%
SFR20                0      0       0      21        0.0%
BITSFR21             0      0       0      22        0.0%
SFR21                0      0       0      22        0.0%
BITSFR22             0      0       0      23        0.0%
SFR22                0      0       0      23        0.0%
BITSFR23             0      0       0      24        0.0%
SFR23                0      0       0      24        0.0%
BITSFR24             0      0       0      25        0.0%
SFR24                0      0       0      25        0.0%
BITSFR25             0      0       0      26        0.0%
SFR25                0      0       0      26        0.0%
BITSFR26             0      0       0      27        0.0%
SFR26                0      0       0      27        0.0%
BITSFR27             0      0       0      28        0.0%
SFR27                0      0       0      28        0.0%
BITSFR28             0      0       0      29        0.0%
SFR28                0      0       0      29        0.0%
BITSFR29             0      0       0      30        0.0%
SFR29                0      0       0      30        0.0%
BITSFR30             0      0       0      31        0.0%
SFR30                0      0       0      31        0.0%
BITSFR31             0      0       0      32        0.0%
SFR31                0      0       0      32        0.0%
BITSFR32             0      0       0      33        0.0%
SFR32                0      0       0      33        0.0%
BITSFR33             0      0       0      34        0.0%
SFR33                0      0       0      34        0.0%
BITSFR34             0      0       0      35        0.0%
SFR34                0      0       0      35        0.0%
BITSFR35             0      0       0      36        0.0%
SFR35                0      0       0      36        0.0%
BITSFR36             0      0       0      37        0.0%
SFR36                0      0       0      37        0.0%
BITSFR37             0      0       0      38        0.0%
SFR37                0      0       0      38        0.0%
BITSFR38             0      0       0      39        0.0%
SFR38                0      0       0      39        0.0%
BITSFR39             0      0       0      40        0.0%
SFR39                0      0       0      40        0.0%
BITSFR40             0      0       0      41        0.0%
SFR40                0      0       0      41        0.0%
BITSFR41             0      0       0      42        0.0%
SFR41                0      0       0      42        0.0%
BITSFR42             0      0       0      43        0.0%
SFR42                0      0       0      43        0.0%
BITSFR43             0      0       0      44        0.0%
SFR43                0      0       0      44        0.0%
BITSFR44             0      0       0      45        0.0%
SFR44                0      0       0      45        0.0%
BITSFR45             0      0       0      46        0.0%
SFR45                0      0       0      46        0.0%
BITSFR46             0      0       0      47        0.0%
SFR46                0      0       0      47        0.0%
BITSFR47             0      0       0      48        0.0%
SFR47                0      0       0      48        0.0%
BITSFR48             0      0       0      49        0.0%
SFR48                0      0       0      49        0.0%
BITSFR49             0      0       0      50        0.0%
SFR49                0      0       0      50        0.0%
BITSFR50             0      0       0      51        0.0%
SFR50                0      0       0      51        0.0%
BITSFR51             0      0       0      52        0.0%
SFR51                0      0       0      52        0.0%
BITSFR52             0      0       0      53        0.0%
SFR52                0      0       0      53        0.0%
BITSFR53             0      0       0      54        0.0%
SFR53                0      0       0      54        0.0%
BITSFR54             0      0       0      55        0.0%
SFR54                0      0       0      55        0.0%
BITSFR55             0      0       0      56        0.0%
SFR55                0      0       0      56        0.0%
BITSFR56             0      0       0      57        0.0%
SFR56                0      0       0      57        0.0%
BITSFR57             0      0       0      58        0.0%
SFR57                0      0       0      58        0.0%
BITSFR58             0      0       0      59        0.0%
SFR58                0      0       0      59        0.0%
BITSFR59             0      0       0      60        0.0%
SFR59                0      0       0      60        0.0%
BITSFR60             0      0       0      61        0.0%
SFR60                0      0       0      61        0.0%
BITSFR61             0      0       0      62        0.0%
SFR61                0      0       0      62        0.0%
BITSFR62             0      0       0      63        0.0%
SFR62                0      0       0      63        0.0%
BITSFR63             0      0       0      64        0.0%
SFR63                0      0       0      64        0.0%


Microchip Technology PIC Macro Assembler V2.20 build 20200408173844 
Symbol Table                                                                                   Wed Jun 03 08:19:24 2020

                                         l9 007E                                          l10 007E  
                                        l42 006F                                          l45 008A  
                                        l48 008D                                         l111 004A  
                                       l122 0085                                         l721 0081  
                                       l731 0024                                         l723 001A  
                                       l741 0030                                         l733 0027  
                                       l725 001E                                         l751 0041  
                                       l743 0031                                         l735 0029  
                                       l727 0020                                         l753 0048  
                                       l745 003E                                         l737 002D  
                                       l729 0022                                         l761 0079  
                                       l747 003F                                         l739 002F  
                                       l691 008B                                         l755 0066  
                                       l763 007C                                         l749 0040  
                                       l757 0069                                         l765 007D  
                                       l759 006C                                         l689 0086  
          ??_IOCCF2_DefaultInterruptHandler 0072             ?_IOCCF2_DefaultInterruptHandler 0072  
                                      _LATA 0018                                        _LATB 0019  
                                      _LATC 001A                                        i1l25 0012  
                                      _WPUA 1F39                                        _WPUB 1F44  
                                      _WPUC 1F4F                                        u1_20 0063  
                                      u1_21 0060                                        u2_24 0065  
                                      u3_20 0051                                        u3_21 0050  
                                      u4_20 0075                                        u4_21 0074  
                                      u5_20 000B                                        u5_21 000A  
                                      u6_20 000F                                        u6_21 000E  
                                      _main 0079                                        btemp 007E  
                                      start 0014              __size_of_OSCILLATOR_Initialize 0005  
             __end_of_OSCILLATOR_Initialize 008B                         __size_of_IOCCF2_ISR 000E  
                                     ?_main 0072                                       i1l115 0078  
                                     i1l125 0059                                       i1l127 0065  
                                     i1l119 0058                                       i1l705 0070  
                                     i1l707 0075                                       i1l715 0006  
                                     i1l717 000B                                       i1l655 0059  
                                     i1l719 000F                                       i1l693 004B  
                                     i1l695 0051                                       i1l697 0056  
                                     _OSCEN 0891                                       _TRISA 0012  
                                     _TRISB 0013                                       _TRISC 0014  
                   __end_of_PIN_MANAGER_IOC 0079                              _WDT_Initialize 008B  
                                     pclath 000A                                       status 0003  
                                     wtemp0 007E                             __initialization 0016  
                              __end_of_main 0081                 ?_INTERRUPT_InterruptManager 0072  
                                    ??_main 0074                     _IOCCF2_InterruptHandler 0070  
                    __end_of_WDT_Initialize 008E                                      _ANSELA 1F38  
                                    _ANSELB 1F43                                      _ANSELC 1F4E  
                                    _ODCONA 1F3A                                      _ODCONB 1F45  
                                    _ODCONC 1F50                                      _INLVLA 1F3C  
                                    _INLVLB 1F47                                      _INLVLC 1F52  
                                    _OSCFRQ 0893                                      _WDTCON 080C  
                           ?_WDT_Initialize 0072  IOCCF2_SetInterruptHandler@InterruptHandler 0072  
                          ?_PIN_MANAGER_IOC 0072                                ??_IOCCF2_ISR 0072  
                         _SYSTEM_Initialize 0066                     __end_of__initialization 0016  
                        ?_SYSTEM_Initialize 0072                              __pcstackCOMMON 0072  
                       ??_SYSTEM_Initialize 0074                          __end_of_IOCCF2_ISR 0059  
                 __end_of_SYSTEM_Initialize 0070                                  __pnvCOMMON 0070  
    __end_of_IOCCF2_DefaultInterruptHandler 0066     __size_of_IOCCF2_DefaultInterruptHandler 000D  
            _IOCCF2_DefaultInterruptHandler 0059                                  __pmaintext 0079  
                                __pintentry 0004                                     _OSCTUNE 0892  
                                   _SLRCONA 1F3B                                     _SLRCONB 1F46  
                                   _SLRCONC 1F51                                     __ptext1 0066  
                                   __ptext2 008B                                     __ptext3 001A  
                                   __ptext4 0081                                     __ptext5 0086  
                                   __ptext7 0070                                     __ptext8 004B  
                                   __ptext9 0059                       _OSCILLATOR_Initialize 0086  
                  ??_PIN_MANAGER_Initialize 0074                                   _IOCCFbits 1F55  
                                 _IOCCNbits 1F54                                   _IOCCPbits 1F53  
                __size_of_SYSTEM_Initialize 000A                        end_of_initialization 0016  
                          ??_WDT_Initialize 0072                ??_IOCCF2_SetInterruptHandler 0074  
                    ?_OSCILLATOR_Initialize 0072         __size_of_IOCCF2_SetInterruptHandler 0005  
                       start_initialization 0016             __size_of_PIN_MANAGER_Initialize 0031  
                  __size_of_PIN_MANAGER_IOC 0009                                   ___latbits 0001  
                    _PIN_MANAGER_Initialize 001A                ??_INTERRUPT_InterruptManager 0072  
        __end_of_IOCCF2_SetInterruptHandler 0086                  _IOCCF2_SetInterruptHandler 0081  
                                  _LATAbits 0018                                    _PIE0bits 0716  
       __size_of_INTERRUPT_InterruptManager 0010                                    _PIR0bits 070C  
                         ??_PIN_MANAGER_IOC 0072                     ??_OSCILLATOR_Initialize 0072  
                                _IOCCF2_ISR 004B                               __size_of_main 0008  
                                  int$flags 007E          __end_of_INTERRUPT_InterruptManager 0014  
                _INTERRUPT_InterruptManager 0004                                  _INTCONbits 000B  
                   __size_of_WDT_Initialize 0003                                    intlevel1 0000  
                   ?_PIN_MANAGER_Initialize 0072                 ?_IOCCF2_SetInterruptHandler 0072  
                               ?_IOCCF2_ISR 0072              __end_of_PIN_MANAGER_Initialize 004B  
                           _PIN_MANAGER_IOC 0070  
